Record number: 0
Latin word: PA
Fetu Word: [15, 0]
Fetu FTU: 3
Fetu Dbl: [4, 0]
Fetu Tri: [8, 0]
Fetu Qua: [16, 0]
Fetu FTU Val: 16
Fetu FTU Weight: 9
Fetu FTU Residue: 0
Fetu HWord Word: [1, 1, 1, 0]
Fetu HWord FTU: 5
Fetu HWord Val: 1

Record number: 1
Latin word: HU
Fetu Word: [7, 20]
Fetu FTU: 3
Fetu Dbl: [14, 14]
Fetu Tri: [2, 2]
Fetu Qua: [4, 4]
Fetu FTU Val: 28
Fetu FTU Weight: 15
Fetu FTU Residue: 0
Fetu HWord Word: [1, 1, 1, 0]
Fetu HWord FTU: 5
Fetu HWord Val: 1

Record number: 2
Latin word: HA
Fetu Word: [7, 0]
Fetu FTU: 3
Fetu Dbl: [14, 0]
Fetu Tri: [2, 0]
Fetu Qua: [4, 0]
Fetu FTU Val: 8
Fetu FTU Weight: 5
Fetu FTU Residue: 2
Fetu HWord Word: [1, 1, 1, 0]
Fetu HWord FTU: 5
Fetu HWord Val: 1

Record number: 3
Latin word: SA
Fetu Word: [18, 0]
Fetu FTU: 3
Fetu Dbl: [10, 0]
Fetu Tri: [20, 0]
Fetu Qua: [14, 0]
Fetu FTU Val: 19
Fetu FTU Weight: 10
Fetu FTU Residue: 1
Fetu HWord Word: [1, 0, 0, 1]
Fetu HWord FTU: 5
Fetu HWord Val: 2

Record number: 4
Latin word: HA
Fetu Word: [7, 0]
Fetu FTU: 3
Fetu Dbl: [14, 0]
Fetu Tri: [2, 0]
Fetu Qua: [4, 0]
Fetu FTU Val: 8
Fetu FTU Weight: 5
Fetu FTU Residue: 2
Fetu HWord Word: [1, 1, 1, 0]
Fetu HWord FTU: 5
Fetu HWord Val: 1

Record number: 5
Latin word: SA
Fetu Word: [18, 0]
Fetu FTU: 3
Fetu Dbl: [10, 0]
Fetu Tri: [20, 0]
Fetu Qua: [14, 0]
Fetu FTU Val: 19
Fetu FTU Weight: 10
Fetu FTU Residue: 1
Fetu HWord Word: [1, 0, 0, 1]
Fetu HWord FTU: 5
Fetu HWord Val: 2

Record number: 6
Latin word: DM
Fetu Word: [3, 12]
Fetu FTU: 3
Fetu Dbl: [6, 24]
Fetu Tri: [12, 22]
Fetu Qua: [24, 18]
Fetu FTU Val: 16
Fetu FTU Weight: 9
Fetu FTU Residue: 0
Fetu HWord Word: [1, 1, 1, 0]
Fetu HWord FTU: 5
Fetu HWord Val: 1

Record number: 7
Latin word: SE
Fetu Word: [18, 4]
Fetu FTU: 3
Fetu Dbl: [10, 8]
Fetu Tri: [20, 16]
Fetu Qua: [14, 6]
Fetu FTU Val: 23
Fetu FTU Weight: 12
Fetu FTU Residue: 0
Fetu HWord Word: [1, 0, 0, 0]
Fetu HWord FTU: 5
Fetu HWord Val: 3

Record number: 8
Latin word: HA
Fetu Word: [7, 0]
Fetu FTU: 3
Fetu Dbl: [14, 0]
Fetu Tri: [2, 0]
Fetu Qua: [4, 0]
Fetu FTU Val: 8
Fetu FTU Weight: 5
Fetu FTU Residue: 2
Fetu HWord Word: [1, 1, 1, 0]
Fetu HWord FTU: 5
Fetu HWord Val: 1

Record number: 9
Latin word: FA
Fetu Word: [5, 0]
Fetu FTU: 3
Fetu Dbl: [10, 0]
Fetu Tri: [20, 0]
Fetu Qua: [14, 0]
Fetu FTU Val: 6
Fetu FTU Weight: 4
Fetu FTU Residue: 1
Fetu HWord Word: [1, 1, 0, 1]
Fetu HWord FTU: 5
Fetu HWord Val: 1

Record number: 10
Latin word: WU
Fetu Word: [22, 20]
Fetu FTU: 3
Fetu Dbl: [18, 14]
Fetu Tri: [10, 2]
Fetu Qua: [20, 4]
Fetu FTU Val: 43
Fetu FTU Weight: 22
Fetu FTU Residue: 1
Fetu HWord Word: [1, 0, 0, 1]
Fetu HWord FTU: 5
Fetu HWord Val: 2

Record number: 11
Latin word: HO
Fetu Word: [7, 14]
Fetu FTU: 3
Fetu Dbl: [14, 2]
Fetu Tri: [2, 4]
Fetu Qua: [4, 8]
Fetu FTU Val: 22
Fetu FTU Weight: 12
Fetu FTU Residue: 0
Fetu HWord Word: [1, 1, 0, 0]
Fetu HWord FTU: 5
Fetu HWord Val: 2

Record number: 12
Latin word: HI
Fetu Word: [7, 8]
Fetu FTU: 3
Fetu Dbl: [14, 16]
Fetu Tri: [2, 6]
Fetu Qua: [4, 12]
Fetu FTU Val: 16
Fetu FTU Weight: 9
Fetu FTU Residue: 0
Fetu HWord Word: [1, 1, 1, 0]
Fetu HWord FTU: 5
Fetu HWord Val: 1

Record number: 13
Latin word: HA
Fetu Word: [7, 0]
Fetu FTU: 3
Fetu Dbl: [14, 0]
Fetu Tri: [2, 0]
Fetu Qua: [4, 0]
Fetu FTU Val: 8
Fetu FTU Weight: 5
Fetu FTU Residue: 2
Fetu HWord Word: [1, 1, 1, 0]
Fetu HWord FTU: 5
Fetu HWord Val: 1

Record number: 14
Latin word: WU
Fetu Word: [22, 20]
Fetu FTU: 3
Fetu Dbl: [18, 14]
Fetu Tri: [10, 2]
Fetu Qua: [20, 4]
Fetu FTU Val: 43
Fetu FTU Weight: 22
Fetu FTU Residue: 1
Fetu HWord Word: [1, 0, 0, 1]
Fetu HWord FTU: 5
Fetu HWord Val: 2

Record number: 15
Latin word: O
Fetu Word: [14]
Fetu FTU: 2
Fetu Dbl: [2]
Fetu Tri: [4]
Fetu Qua: [8]
Fetu FTU Val: 15
Fetu FTU Weight: 16
Fetu FTU Residue: 0
Fetu HWord Word: [0, 1, 0, 0]
Fetu HWord FTU: 5
Fetu HWord Val: 3

Record number: 16
Latin word: VU
Fetu Word: [21, 20]
Fetu FTU: 3
Fetu Dbl: [16, 14]
Fetu Tri: [6, 2]
Fetu Qua: [12, 4]
Fetu FTU Val: 42
Fetu FTU Weight: 22
Fetu FTU Residue: 1
Fetu HWord Word: [1, 1, 0, 1]
Fetu HWord FTU: 5
Fetu HWord Val: 1

Record number: 17
Latin word: SO
Fetu Word: [18, 14]
Fetu FTU: 3
Fetu Dbl: [10, 2]
Fetu Tri: [20, 4]
Fetu Qua: [14, 8]
Fetu FTU Val: 33
Fetu FTU Weight: 17
Fetu FTU Residue: 2
Fetu HWord Word: [1, 0, 1, 0]
Fetu HWord FTU: 5
Fetu HWord Val: 2

Record number: 18
Latin word: SA
Fetu Word: [18, 0]
Fetu FTU: 3
Fetu Dbl: [10, 0]
Fetu Tri: [20, 0]
Fetu Qua: [14, 0]
Fetu FTU Val: 19
Fetu FTU Weight: 10
Fetu FTU Residue: 1
Fetu HWord Word: [1, 0, 0, 1]
Fetu HWord FTU: 5
Fetu HWord Val: 2

Record number: 19
Latin word: HQ
Fetu Word: [7, 16]
Fetu FTU: 3
Fetu Dbl: [14, 6]
Fetu Tri: [2, 12]
Fetu Qua: [4, 24]
Fetu FTU Val: 24
Fetu FTU Weight: 13
Fetu FTU Residue: 1
Fetu HWord Word: [1, 1, 1, 1]
Fetu HWord FTU: 5
Fetu HWord Val: 0

Record number: 20
Latin word: TE
Fetu Word: [19, 4]
Fetu FTU: 3
Fetu Dbl: [12, 8]
Fetu Tri: [24, 16]
Fetu Qua: [22, 6]
Fetu FTU Val: 24
Fetu FTU Weight: 13
Fetu FTU Residue: 1
Fetu HWord Word: [1, 1, 1, 1]
Fetu HWord FTU: 5
Fetu HWord Val: 0

Record number: 21
Latin word: QT
Fetu Word: [16, 19]
Fetu FTU: 3
Fetu Dbl: [6, 12]
Fetu Tri: [12, 24]
Fetu Qua: [24, 22]
Fetu FTU Val: 36
Fetu FTU Weight: 19
Fetu FTU Residue: 1
Fetu HWord Word: [1, 1, 1, 1]
Fetu HWord FTU: 5
Fetu HWord Val: 0

Record number: 22
Latin word: AJ
Fetu Word: [0, 9]
Fetu FTU: 3
Fetu Dbl: [0, 18]
Fetu Tri: [0, 10]
Fetu Qua: [0, 20]
Fetu FTU Val: 10
Fetu FTU Weight: 6
Fetu FTU Residue: 0
Fetu HWord Word: [1, 1, 0, 0]
Fetu HWord FTU: 5
Fetu HWord Val: 2

Record number: 23
Latin word: AT
Fetu Word: [0, 19]
Fetu FTU: 3
Fetu Dbl: [0, 12]
Fetu Tri: [0, 24]
Fetu Qua: [0, 22]
Fetu FTU Val: 20
Fetu FTU Weight: 11
Fetu FTU Residue: 2
Fetu HWord Word: [1, 1, 1, 0]
Fetu HWord FTU: 5
Fetu HWord Val: 1

Record number: 24
Latin word: SE
Fetu Word: [18, 4]
Fetu FTU: 3
Fetu Dbl: [10, 8]
Fetu Tri: [20, 16]
Fetu Qua: [14, 6]
Fetu FTU Val: 23
Fetu FTU Weight: 12
Fetu FTU Residue: 0
Fetu HWord Word: [1, 0, 0, 0]
Fetu HWord FTU: 5
Fetu HWord Val: 3

Record number: 25
Latin word: HA
Fetu Word: [7, 0]
Fetu FTU: 3
Fetu Dbl: [14, 0]
Fetu Tri: [2, 0]
Fetu Qua: [4, 0]
Fetu FTU Val: 8
Fetu FTU Weight: 5
Fetu FTU Residue: 2
Fetu HWord Word: [1, 1, 1, 0]
Fetu HWord FTU: 5
Fetu HWord Val: 1

Record number: 26
Latin word: MT
Fetu Word: [12, 19]
Fetu FTU: 3
Fetu Dbl: [24, 12]
Fetu Tri: [22, 24]
Fetu Qua: [18, 22]
Fetu FTU Val: 32
Fetu FTU Weight: 17
Fetu FTU Residue: 2
Fetu HWord Word: [1, 1, 1, 0]
Fetu HWord FTU: 5
Fetu HWord Val: 1

Record number: 27
Latin word: NB
Fetu Word: [13, 1]
Fetu FTU: 3
Fetu Dbl: [0, 2]
Fetu Tri: [0, 4]
Fetu Qua: [0, 8]
Fetu FTU Val: 15
Fetu FTU Weight: 8
Fetu FTU Residue: 2
Fetu HWord Word: [1, 0, 0, 0]
Fetu HWord FTU: 5
Fetu HWord Val: 3

Record number: 28
Latin word: O
Fetu Word: [14]
Fetu FTU: 2
Fetu Dbl: [2]
Fetu Tri: [4]
Fetu Qua: [8]
Fetu FTU Val: 15
Fetu FTU Weight: 16
Fetu FTU Residue: 0
Fetu HWord Word: [0, 1, 0, 0]
Fetu HWord FTU: 5
Fetu HWord Val: 3

Record number: 29
Latin word: HE
Fetu Word: [7, 4]
Fetu FTU: 3
Fetu Dbl: [14, 8]
Fetu Tri: [2, 16]
Fetu Qua: [4, 6]
Fetu FTU Val: 12
Fetu FTU Weight: 7
Fetu FTU Residue: 1
Fetu HWord Word: [1, 1, 1, 1]
Fetu HWord FTU: 5
Fetu HWord Val: 0

Record number: 30
Latin word: HU
Fetu Word: [7, 20]
Fetu FTU: 3
Fetu Dbl: [14, 14]
Fetu Tri: [2, 2]
Fetu Qua: [4, 4]
Fetu FTU Val: 28
Fetu FTU Weight: 15
Fetu FTU Residue: 0
Fetu HWord Word: [1, 1, 1, 0]
Fetu HWord FTU: 5
Fetu HWord Val: 1

Record number: 31
Latin word: AA
Fetu Word: [0, 0]
Fetu FTU: 3
Fetu Dbl: [0, 0]
Fetu Tri: [0, 0]
Fetu Qua: [0, 0]
Fetu FTU Val: 1
Fetu FTU Weight: 1
Fetu FTU Residue: 1
Fetu HWord Word: [1, 0, 1, 1]
Fetu HWord FTU: 5
Fetu HWord Val: 1

Record number: 32
Latin word: FW
Fetu Word: [5, 22]
Fetu FTU: 3
Fetu Dbl: [10, 18]
Fetu Tri: [20, 10]
Fetu Qua: [14, 20]
Fetu FTU Val: 28
Fetu FTU Weight: 15
Fetu FTU Residue: 0
Fetu HWord Word: [1, 1, 1, 0]
Fetu HWord FTU: 5
Fetu HWord Val: 1

Record number: 33
Latin word: WE
Fetu Word: [22, 4]
Fetu FTU: 3
Fetu Dbl: [18, 8]
Fetu Tri: [10, 16]
Fetu Qua: [20, 6]
Fetu FTU Val: 27
Fetu FTU Weight: 14
Fetu FTU Residue: 2
Fetu HWord Word: [1, 0, 0, 0]
Fetu HWord FTU: 5
Fetu HWord Val: 3

Record number: 34
Latin word: DO
Fetu Word: [3, 14]
Fetu FTU: 3
Fetu Dbl: [6, 2]
Fetu Tri: [12, 4]
Fetu Qua: [24, 8]
Fetu FTU Val: 18
Fetu FTU Weight: 10
Fetu FTU Residue: 1
Fetu HWord Word: [1, 1, 0, 1]
Fetu HWord FTU: 5
Fetu HWord Val: 1

Record number: 35
Latin word: SI
Fetu Word: [18, 8]
Fetu FTU: 3
Fetu Dbl: [10, 16]
Fetu Tri: [20, 6]
Fetu Qua: [14, 12]
Fetu FTU Val: 27
Fetu FTU Weight: 14
Fetu FTU Residue: 2
Fetu HWord Word: [1, 0, 0, 0]
Fetu HWord FTU: 5
Fetu HWord Val: 3

Record number: 36
Latin word: NIFU
Fetu Word: [13, 8, 5, 20]
Fetu FTU: 5
Fetu Dbl: [0, 16, 10, 14]
Fetu Tri: [0, 6, 20, 2]
Fetu Qua: [0, 12, 14, 4]
Fetu FTU Val: 47
Fetu FTU Weight: 12
Fetu FTU Residue: 2
Fetu HWord Word: [1, 0, 0, 0]
Fetu HWord FTU: 5
Fetu HWord Val: 3

Record number: 37
Latin word: MT
Fetu Word: [12, 19]
Fetu FTU: 3
Fetu Dbl: [24, 12]
Fetu Tri: [22, 24]
Fetu Qua: [18, 22]
Fetu FTU Val: 32
Fetu FTU Weight: 17
Fetu FTU Residue: 2
Fetu HWord Word: [1, 1, 1, 0]
Fetu HWord FTU: 5
Fetu HWord Val: 1

Record number: 38
Latin word: SESET
Fetu Word: [18, 4, 18, 4, 19]
Fetu FTU: 6
Fetu Dbl: [10, 8, 10, 8, 12]
Fetu Tri: [20, 16, 20, 16, 24]
Fetu Qua: [14, 6, 14, 6, 22]
Fetu FTU Val: 64
Fetu FTU Weight: 13
Fetu FTU Residue: 1
Fetu HWord Word: [0, 0, 1, 1]
Fetu HWord FTU: 5
Fetu HWord Val: 2

Record number: 39
Latin word: SA
Fetu Word: [18, 0]
Fetu FTU: 3
Fetu Dbl: [10, 0]
Fetu Tri: [20, 0]
Fetu Qua: [14, 0]
Fetu FTU Val: 19
Fetu FTU Weight: 10
Fetu FTU Residue: 1
Fetu HWord Word: [1, 0, 0, 1]
Fetu HWord FTU: 5
Fetu HWord Val: 2

Record number: 40
Latin word: HA
Fetu Word: [7, 0]
Fetu FTU: 3
Fetu Dbl: [14, 0]
Fetu Tri: [2, 0]
Fetu Qua: [4, 0]
Fetu FTU Val: 8
Fetu FTU Weight: 5
Fetu FTU Residue: 2
Fetu HWord Word: [1, 1, 1, 0]
Fetu HWord FTU: 5
Fetu HWord Val: 1

Record number: 41
Latin word: ATM
Fetu Word: [0, 19, 12]
Fetu FTU: 4
Fetu Dbl: [0, 12, 24]
Fetu Tri: [0, 24, 22]
Fetu Qua: [0, 22, 18]
Fetu FTU Val: 32
Fetu FTU Weight: 11
Fetu FTU Residue: 3
Fetu HWord Word: [0, 0, 1, 1]
Fetu HWord FTU: 5
Fetu HWord Val: 2

Record number: 42
Latin word: HAU
Fetu Word: [7, 0, 20]
Fetu FTU: 4
Fetu Dbl: [14, 0, 14]
Fetu Tri: [2, 0, 2]
Fetu Qua: [4, 0, 4]
Fetu FTU Val: 28
Fetu FTU Weight: 10
Fetu FTU Residue: 2
Fetu HWord Word: [0, 0, 0, 0]
Fetu HWord FTU: 5
Fetu HWord Val: 4

Record number: 43
Latin word: IFU
Fetu Word: [8, 5, 20]
Fetu FTU: 4
Fetu Dbl: [16, 10, 14]
Fetu Tri: [6, 20, 2]
Fetu Qua: [12, 14, 4]
Fetu FTU Val: 34
Fetu FTU Weight: 12
Fetu FTU Residue: 0
Fetu HWord Word: [0, 0, 0, 0]
Fetu HWord FTU: 5
Fetu HWord Val: 4

Record number: 44
Latin word: AA
Fetu Word: [0, 0]
Fetu FTU: 3
Fetu Dbl: [0, 0]
Fetu Tri: [0, 0]
Fetu Qua: [0, 0]
Fetu FTU Val: 1
Fetu FTU Weight: 1
Fetu FTU Residue: 1
Fetu HWord Word: [1, 0, 1, 1]
Fetu HWord FTU: 5
Fetu HWord Val: 1

Record number: 45
Latin word: WE
Fetu Word: [22, 4]
Fetu FTU: 3
Fetu Dbl: [18, 8]
Fetu Tri: [10, 16]
Fetu Qua: [20, 6]
Fetu FTU Val: 27
Fetu FTU Weight: 14
Fetu FTU Residue: 2
Fetu HWord Word: [1, 0, 0, 0]
Fetu HWord FTU: 5
Fetu HWord Val: 3

Record number: 46
Latin word: AMEN
Fetu Word: [0, 12, 4, 13]
Fetu FTU: 5
Fetu Dbl: [0, 24, 8, 0]
Fetu Tri: [0, 22, 16, 0]
Fetu Qua: [0, 18, 6, 0]
Fetu FTU Val: 30
Fetu FTU Weight: 8
Fetu FTU Residue: 3
Fetu HWord Word: [1, 1, 0, 1]
Fetu HWord FTU: 5
Fetu HWord Val: 1

Record number: 47
Latin word: HEQET
Fetu Word: [7, 4, 16, 4, 19]
Fetu FTU: 6
Fetu Dbl: [14, 8, 6, 8, 12]
Fetu Tri: [2, 16, 12, 16, 24]
Fetu Qua: [4, 6, 24, 6, 22]
Fetu FTU Val: 51
Fetu FTU Weight: 11
Fetu FTU Residue: 5
Fetu HWord Word: [0, 1, 1, 1]
Fetu HWord FTU: 5
Fetu HWord Val: 1

Record number: 48
Latin word: U
Fetu Word: [20]
Fetu FTU: 2
Fetu Dbl: [14]
Fetu Tri: [2]
Fetu Qua: [4]
Fetu FTU Val: 21
Fetu FTU Weight: 22
Fetu FTU Residue: 0
Fetu HWord Word: [0, 1, 0, 0]
Fetu HWord FTU: 5
Fetu HWord Val: 3

Record number: 49
Latin word: NI
Fetu Word: [13, 8]
Fetu FTU: 3
Fetu Dbl: [0, 16]
Fetu Tri: [0, 6]
Fetu Qua: [0, 12]
Fetu FTU Val: 22
Fetu FTU Weight: 12
Fetu FTU Residue: 0
Fetu HWord Word: [1, 1, 0, 0]
Fetu HWord FTU: 5
Fetu HWord Val: 2

Record number: 50
Latin word: BO
Fetu Word: [1, 14]
Fetu FTU: 3
Fetu Dbl: [2, 2]
Fetu Tri: [4, 4]
Fetu Qua: [8, 8]
Fetu FTU Val: 16
Fetu FTU Weight: 9
Fetu FTU Residue: 0
Fetu HWord Word: [1, 1, 1, 0]
Fetu HWord FTU: 5
Fetu HWord Val: 1

Record number: 51
Latin word: APEF
Fetu Word: [0, 15, 4, 5]
Fetu FTU: 5
Fetu Dbl: [0, 4, 8, 10]
Fetu Tri: [0, 8, 16, 20]
Fetu Qua: [0, 16, 6, 14]
Fetu FTU Val: 25
Fetu FTU Weight: 7
Fetu FTU Residue: 2
Fetu HWord Word: [1, 0, 1, 0]
Fetu HWord FTU: 5
Fetu HWord Val: 2

Record number: 52
Latin word: A
Fetu Word: [0]
Fetu FTU: 2
Fetu Dbl: [0]
Fetu Tri: [0]
Fetu Qua: [0]
Fetu FTU Val: 1
Fetu FTU Weight: 2
Fetu FTU Residue: 0
Fetu HWord Word: [0, 1, 0, 0]
Fetu HWord FTU: 5
Fetu HWord Val: 3

Record number: 53
Latin word: MM
Fetu Word: [12, 12]
Fetu FTU: 3
Fetu Dbl: [24, 24]
Fetu Tri: [22, 22]
Fetu Qua: [18, 18]
Fetu FTU Val: 25
Fetu FTU Weight: 13
Fetu FTU Residue: 1
Fetu HWord Word: [1, 0, 1, 1]
Fetu HWord FTU: 5
Fetu HWord Val: 1

Record number: 54
Latin word: A
Fetu Word: [0]
Fetu FTU: 2
Fetu Dbl: [0]
Fetu Tri: [0]
Fetu Qua: [0]
Fetu FTU Val: 1
Fetu FTU Weight: 2
Fetu FTU Residue: 0
Fetu HWord Word: [0, 1, 0, 0]
Fetu HWord FTU: 5
Fetu HWord Val: 3

Record number: 55
Latin word: MM
Fetu Word: [12, 12]
Fetu FTU: 3
Fetu Dbl: [24, 24]
Fetu Tri: [22, 22]
Fetu Qua: [18, 18]
Fetu FTU Val: 25
Fetu FTU Weight: 13
Fetu FTU Residue: 1
Fetu HWord Word: [1, 0, 1, 1]
Fetu HWord FTU: 5
Fetu HWord Val: 1

Record number: 56
Latin word: A
Fetu Word: [0]
Fetu FTU: 2
Fetu Dbl: [0]
Fetu Tri: [0]
Fetu Qua: [0]
Fetu FTU Val: 1
Fetu FTU Weight: 2
Fetu FTU Residue: 0
Fetu HWord Word: [0, 1, 0, 0]
Fetu HWord FTU: 5
Fetu HWord Val: 3

Record number: 57
Latin word: UAT
Fetu Word: [20, 0, 19]
Fetu FTU: 4
Fetu Dbl: [14, 0, 12]
Fetu Tri: [2, 0, 24]
Fetu Qua: [4, 0, 22]
Fetu FTU Val: 40
Fetu FTU Weight: 14
Fetu FTU Residue: 2
Fetu HWord Word: [0, 0, 0, 0]
Fetu HWord FTU: 5
Fetu HWord Val: 4

Record number: 58
Latin word: MM
Fetu Word: [12, 12]
Fetu FTU: 3
Fetu Dbl: [24, 24]
Fetu Tri: [22, 22]
Fetu Qua: [18, 18]
Fetu FTU Val: 25
Fetu FTU Weight: 13
Fetu FTU Residue: 1
Fetu HWord Word: [1, 0, 1, 1]
Fetu HWord FTU: 5
Fetu HWord Val: 1

Record number: 59
Latin word: DUAT
Fetu Word: [3, 20, 0, 19]
Fetu FTU: 5
Fetu Dbl: [6, 14, 0, 12]
Fetu Tri: [12, 2, 0, 24]
Fetu Qua: [24, 4, 0, 22]
Fetu FTU Val: 43
Fetu FTU Weight: 11
Fetu FTU Residue: 1
Fetu HWord Word: [1, 0, 1, 1]
Fetu HWord FTU: 5
Fetu HWord Val: 1

Record number: 60
Latin word: A
Fetu Word: [0]
Fetu FTU: 2
Fetu Dbl: [0]
Fetu Tri: [0]
Fetu Qua: [0]
Fetu FTU Val: 1
Fetu FTU Weight: 2
Fetu FTU Residue: 0
Fetu HWord Word: [0, 1, 0, 0]
Fetu HWord FTU: 5
Fetu HWord Val: 3

Record number: 61
Latin word: TRUJ
Fetu Word: [19, 17, 20, 9]
Fetu FTU: 5
Fetu Dbl: [12, 8, 14, 18]
Fetu Tri: [24, 16, 2, 10]
Fetu Qua: [22, 6, 4, 20]
Fetu FTU Val: 66
Fetu FTU Weight: 17
Fetu FTU Residue: 2
Fetu HWord Word: [1, 1, 1, 0]
Fetu HWord FTU: 5
Fetu HWord Val: 1

Record number: 62
Latin word: JAT
Fetu Word: [9, 0, 19]
Fetu FTU: 4
Fetu Dbl: [18, 0, 12]
Fetu Tri: [10, 0, 24]
Fetu Qua: [20, 0, 22]
Fetu FTU Val: 29
Fetu FTU Weight: 10
Fetu FTU Residue: 2
Fetu HWord Word: [0, 1, 0, 0]
Fetu HWord FTU: 5
Fetu HWord Val: 3

Record number: 63
Latin word: O
Fetu Word: [14]
Fetu FTU: 2
Fetu Dbl: [2]
Fetu Tri: [4]
Fetu Qua: [8]
Fetu FTU Val: 15
Fetu FTU Weight: 16
Fetu FTU Residue: 0
Fetu HWord Word: [0, 1, 0, 0]
Fetu HWord FTU: 5
Fetu HWord Val: 3

Record number: 64
Latin word: MM
Fetu Word: [12, 12]
Fetu FTU: 3
Fetu Dbl: [24, 24]
Fetu Tri: [22, 22]
Fetu Qua: [18, 18]
Fetu FTU Val: 25
Fetu FTU Weight: 13
Fetu FTU Residue: 1
Fetu HWord Word: [1, 0, 1, 1]
Fetu HWord FTU: 5
Fetu HWord Val: 1

Record number: 65
Latin word: OAM
Fetu Word: [14, 0, 12]
Fetu FTU: 4
Fetu Dbl: [2, 0, 24]
Fetu Tri: [4, 0, 22]
Fetu Qua: [8, 0, 18]
Fetu FTU Val: 27
Fetu FTU Weight: 10
Fetu FTU Residue: 2
Fetu HWord Word: [0, 1, 0, 0]
Fetu HWord FTU: 5
Fetu HWord Val: 3

Record number: 66
Latin word: N
Fetu Word: [13]
Fetu FTU: 2
Fetu Dbl: [0]
Fetu Tri: [0]
Fetu Qua: [0]
Fetu FTU Val: 14
Fetu FTU Weight: 15
Fetu FTU Residue: 1
Fetu HWord Word: [0, 0, 1, 1]
Fetu HWord FTU: 5
Fetu HWord Val: 2

Record number: 67
Latin word: DUAT
Fetu Word: [3, 20, 0, 19]
Fetu FTU: 5
Fetu Dbl: [6, 14, 0, 12]
Fetu Tri: [12, 2, 0, 24]
Fetu Qua: [24, 4, 0, 22]
Fetu FTU Val: 43
Fetu FTU Weight: 11
Fetu FTU Residue: 1
Fetu HWord Word: [1, 0, 1, 1]
Fetu HWord FTU: 5
Fetu HWord Val: 1

Record number: 68
Latin word: QO
Fetu Word: [16, 14]
Fetu FTU: 3
Fetu Dbl: [6, 2]
Fetu Tri: [12, 4]
Fetu Qua: [24, 8]
Fetu FTU Val: 31
Fetu FTU Weight: 16
Fetu FTU Residue: 1
Fetu HWord Word: [1, 0, 0, 1]
Fetu HWord FTU: 5
Fetu HWord Val: 2

Record number: 69
Latin word: U
Fetu Word: [20]
Fetu FTU: 2
Fetu Dbl: [14]
Fetu Tri: [2]
Fetu Qua: [4]
Fetu FTU Val: 21
Fetu FTU Weight: 22
Fetu FTU Residue: 0
Fetu HWord Word: [0, 1, 0, 0]
Fetu HWord FTU: 5
Fetu HWord Val: 3

Record number: 70
Latin word: U
Fetu Word: [20]
Fetu FTU: 2
Fetu Dbl: [14]
Fetu Tri: [2]
Fetu Qua: [4]
Fetu FTU Val: 21
Fetu FTU Weight: 22
Fetu FTU Residue: 0
Fetu HWord Word: [0, 1, 0, 0]
Fetu HWord FTU: 5
Fetu HWord Val: 3

Record number: 71
Latin word: QF
Fetu Word: [16, 5]
Fetu FTU: 3
Fetu Dbl: [6, 10]
Fetu Tri: [12, 20]
Fetu Qua: [24, 14]
Fetu FTU Val: 22
Fetu FTU Weight: 12
Fetu FTU Residue: 0
Fetu HWord Word: [1, 1, 0, 0]
Fetu HWord FTU: 5
Fetu HWord Val: 2

Record number: 72
Latin word: QVA
Fetu Word: [16, 21, 0]
Fetu FTU: 4
Fetu Dbl: [6, 16, 0]
Fetu Tri: [12, 6, 0]
Fetu Qua: [24, 12, 0]
Fetu FTU Val: 38
Fetu FTU Weight: 13
Fetu FTU Residue: 1
Fetu HWord Word: [0, 0, 1, 1]
Fetu HWord FTU: 5
Fetu HWord Val: 2

Record number: 73
Latin word: DA
Fetu Word: [3, 0]
Fetu FTU: 3
Fetu Dbl: [6, 0]
Fetu Tri: [12, 0]
Fetu Qua: [24, 0]
Fetu FTU Val: 4
Fetu FTU Weight: 3
Fetu FTU Residue: 0
Fetu HWord Word: [1, 1, 1, 0]
Fetu HWord FTU: 5
Fetu HWord Val: 1

Record number: 74
Latin word: UVAJDA
Fetu Word: [20, 21, 0, 9, 3, 0]
Fetu FTU: 7
Fetu Dbl: [14, 16, 0, 18, 6, 0]
Fetu Tri: [2, 6, 0, 10, 12, 0]
Fetu Qua: [4, 12, 0, 20, 24, 0]
Fetu FTU Val: 54
Fetu FTU Weight: 10
Fetu FTU Residue: 3
Fetu HWord Word: [1, 1, 0, 1]
Fetu HWord FTU: 5
Fetu HWord Val: 1

Record number: 75
Latin word: NO
Fetu Word: [13, 14]
Fetu FTU: 3
Fetu Dbl: [0, 2]
Fetu Tri: [0, 4]
Fetu Qua: [0, 8]
Fetu FTU Val: 28
Fetu FTU Weight: 15
Fetu FTU Residue: 0
Fetu HWord Word: [1, 1, 1, 0]
Fetu HWord FTU: 5
Fetu HWord Val: 1

Record number: 76
Latin word: NP
Fetu Word: [13, 15]
Fetu FTU: 3
Fetu Dbl: [0, 4]
Fetu Tri: [0, 8]
Fetu Qua: [0, 16]
Fetu FTU Val: 29
Fetu FTU Weight: 15
Fetu FTU Residue: 0
Fetu HWord Word: [1, 0, 1, 0]
Fetu HWord FTU: 5
Fetu HWord Val: 2

Record number: 77
Latin word: MU
Fetu Word: [12, 20]
Fetu FTU: 3
Fetu Dbl: [24, 14]
Fetu Tri: [22, 2]
Fetu Qua: [18, 4]
Fetu FTU Val: 33
Fetu FTU Weight: 17
Fetu FTU Residue: 2
Fetu HWord Word: [1, 0, 1, 0]
Fetu HWord FTU: 5
Fetu HWord Val: 2

Record number: 78
Latin word: U
Fetu Word: [20]
Fetu FTU: 2
Fetu Dbl: [14]
Fetu Tri: [2]
Fetu Qua: [4]
Fetu FTU Val: 21
Fetu FTU Weight: 22
Fetu FTU Residue: 0
Fetu HWord Word: [0, 1, 0, 0]
Fetu HWord FTU: 5
Fetu HWord Val: 3

Record number: 79
Latin word: MM
Fetu Word: [12, 12]
Fetu FTU: 3
Fetu Dbl: [24, 24]
Fetu Tri: [22, 22]
Fetu Qua: [18, 18]
Fetu FTU Val: 25
Fetu FTU Weight: 13
Fetu FTU Residue: 1
Fetu HWord Word: [1, 0, 1, 1]
Fetu HWord FTU: 5
Fetu HWord Val: 1

Record number: 80
Latin word: A
Fetu Word: [0]
Fetu FTU: 2
Fetu Dbl: [0]
Fetu Tri: [0]
Fetu Qua: [0]
Fetu FTU Val: 1
Fetu FTU Weight: 2
Fetu FTU Residue: 0
Fetu HWord Word: [0, 1, 0, 0]
Fetu HWord FTU: 5
Fetu HWord Val: 3

Record number: 81
Latin word: UAYW
Fetu Word: [20, 0, 24, 22]
Fetu FTU: 5
Fetu Dbl: [14, 0, 22, 18]
Fetu Tri: [2, 0, 18, 10]
Fetu Qua: [4, 0, 10, 20]
Fetu FTU Val: 67
Fetu FTU Weight: 17
Fetu FTU Residue: 2
Fetu HWord Word: [1, 0, 1, 0]
Fetu HWord FTU: 5
Fetu HWord Val: 2

Record number: 82
Latin word: U
Fetu Word: [20]
Fetu FTU: 2
Fetu Dbl: [14]
Fetu Tri: [2]
Fetu Qua: [4]
Fetu FTU Val: 21
Fetu FTU Weight: 22
Fetu FTU Residue: 0
Fetu HWord Word: [0, 1, 0, 0]
Fetu HWord FTU: 5
Fetu HWord Val: 3

Record number: 83
Latin word: UAYW
Fetu Word: [20, 0, 24, 22]
Fetu FTU: 5
Fetu Dbl: [14, 0, 22, 18]
Fetu Tri: [2, 0, 18, 10]
Fetu Qua: [4, 0, 10, 20]
Fetu FTU Val: 67
Fetu FTU Weight: 17
Fetu FTU Residue: 2
Fetu HWord Word: [1, 0, 1, 0]
Fetu HWord FTU: 5
Fetu HWord Val: 2

Record number: 84
Latin word: U
Fetu Word: [20]
Fetu FTU: 2
Fetu Dbl: [14]
Fetu Tri: [2]
Fetu Qua: [4]
Fetu FTU Val: 21
Fetu FTU Weight: 22
Fetu FTU Residue: 0
Fetu HWord Word: [0, 1, 0, 0]
Fetu HWord FTU: 5
Fetu HWord Val: 3

Record number: 85
Latin word: UVAJA
Fetu Word: [20, 21, 0, 9, 0]
Fetu FTU: 6
Fetu Dbl: [14, 16, 0, 18, 0]
Fetu Tri: [2, 6, 0, 10, 0]
Fetu Qua: [4, 12, 0, 20, 0]
Fetu FTU Val: 51
Fetu FTU Weight: 11
Fetu FTU Residue: 5
Fetu HWord Word: [0, 1, 1, 1]
Fetu HWord FTU: 5
Fetu HWord Val: 1

Record number: 86
Latin word: OAU
Fetu Word: [14, 0, 20]
Fetu FTU: 4
Fetu Dbl: [2, 0, 14]
Fetu Tri: [4, 0, 2]
Fetu Qua: [8, 0, 4]
Fetu FTU Val: 35
Fetu FTU Weight: 12
Fetu FTU Residue: 0
Fetu HWord Word: [0, 1, 0, 0]
Fetu HWord FTU: 5
Fetu HWord Val: 3

Record number: 87
Latin word: OUS
Fetu Word: [14, 20, 18]
Fetu FTU: 4
Fetu Dbl: [2, 14, 10]
Fetu Tri: [4, 2, 20]
Fetu Qua: [8, 4, 14]
Fetu FTU Val: 53
Fetu FTU Weight: 18
Fetu FTU Residue: 2
Fetu HWord Word: [0, 1, 0, 0]
Fetu HWord FTU: 5
Fetu HWord Val: 3

Record number: 88
Latin word: APS
Fetu Word: [0, 15, 18]
Fetu FTU: 4
Fetu Dbl: [0, 4, 10]
Fetu Tri: [0, 8, 20]
Fetu Qua: [0, 16, 14]
Fetu FTU Val: 34
Fetu FTU Weight: 12
Fetu FTU Residue: 0
Fetu HWord Word: [0, 0, 0, 0]
Fetu HWord FTU: 5
Fetu HWord Val: 4

Record number: 89
Latin word: HAI
Fetu Word: [7, 0, 8]
Fetu FTU: 4
Fetu Dbl: [14, 0, 16]
Fetu Tri: [2, 0, 6]
Fetu Qua: [4, 0, 12]
Fetu FTU Val: 16
Fetu FTU Weight: 6
Fetu FTU Residue: 2
Fetu HWord Word: [0, 0, 0, 0]
Fetu HWord FTU: 5
Fetu HWord Val: 4

Record number: 90
Latin word: MT
Fetu Word: [12, 19]
Fetu FTU: 3
Fetu Dbl: [24, 12]
Fetu Tri: [22, 24]
Fetu Qua: [18, 22]
Fetu FTU Val: 32
Fetu FTU Weight: 17
Fetu FTU Residue: 2
Fetu HWord Word: [1, 1, 1, 0]
Fetu HWord FTU: 5
Fetu HWord Val: 1

Record number: 91
Latin word: DUAT
Fetu Word: [3, 20, 0, 19]
Fetu FTU: 5
Fetu Dbl: [6, 14, 0, 12]
Fetu Tri: [12, 2, 0, 24]
Fetu Qua: [24, 4, 0, 22]
Fetu FTU Val: 43
Fetu FTU Weight: 11
Fetu FTU Residue: 1
Fetu HWord Word: [1, 0, 1, 1]
Fetu HWord FTU: 5
Fetu HWord Val: 1

Record number: 92
Latin word: U
Fetu Word: [20]
Fetu FTU: 2
Fetu Dbl: [14]
Fetu Tri: [2]
Fetu Qua: [4]
Fetu FTU Val: 21
Fetu FTU Weight: 22
Fetu FTU Residue: 0
Fetu HWord Word: [0, 1, 0, 0]
Fetu HWord FTU: 5
Fetu HWord Val: 3

Record number: 93
Latin word: ATIMA
Fetu Word: [0, 19, 8, 12, 0]
Fetu FTU: 6
Fetu Dbl: [0, 12, 16, 24, 0]
Fetu Tri: [0, 24, 6, 22, 0]
Fetu Qua: [0, 22, 12, 18, 0]
Fetu FTU Val: 40
Fetu FTU Weight: 9
Fetu FTU Residue: 3
Fetu HWord Word: [0, 0, 1, 1]
Fetu HWord FTU: 5
Fetu HWord Val: 2

Record number: 94
Latin word: ATUM
Fetu Word: [0, 19, 20, 12]
Fetu FTU: 5
Fetu Dbl: [0, 12, 14, 24]
Fetu Tri: [0, 24, 2, 22]
Fetu Qua: [0, 22, 4, 18]
Fetu FTU Val: 52
Fetu FTU Weight: 14
Fetu FTU Residue: 4
Fetu HWord Word: [1, 1, 0, 0]
Fetu HWord FTU: 5
Fetu HWord Val: 2

Record number: 95
Latin word: ATJEBU
Fetu Word: [0, 19, 9, 4, 1, 20]
Fetu FTU: 7
Fetu Dbl: [0, 12, 18, 8, 2, 14]
Fetu Tri: [0, 24, 10, 16, 4, 2]
Fetu Qua: [0, 22, 20, 6, 8, 4]
Fetu FTU Val: 54
Fetu FTU Weight: 10
Fetu FTU Residue: 3
Fetu HWord Word: [1, 1, 0, 1]
Fetu HWord FTU: 5
Fetu HWord Val: 1

Record number: 96
Latin word: ORAKTY
Fetu Word: [14, 17, 0, 10, 19, 24]
Fetu FTU: 7
Fetu Dbl: [2, 8, 0, 20, 12, 22]
Fetu Tri: [4, 16, 0, 14, 24, 18]
Fetu Qua: [8, 6, 0, 2, 22, 10]
Fetu FTU Val: 85
Fetu FTU Weight: 15
Fetu FTU Residue: 1
Fetu HWord Word: [1, 0, 1, 1]
Fetu HWord FTU: 5
Fetu HWord Val: 1

Record number: 97
Latin word: ATIS
Fetu Word: [0, 19, 8, 18]
Fetu FTU: 5
Fetu Dbl: [0, 12, 16, 10]
Fetu Tri: [0, 24, 6, 20]
Fetu Qua: [0, 22, 12, 14]
Fetu FTU Val: 46
Fetu FTU Weight: 12
Fetu FTU Residue: 2
Fetu HWord Word: [1, 1, 0, 0]
Fetu HWord FTU: 5
Fetu HWord Val: 2

Record number: 98
Latin word: A
Fetu Word: [0]
Fetu FTU: 2
Fetu Dbl: [0]
Fetu Tri: [0]
Fetu Qua: [0]
Fetu FTU Val: 1
Fetu FTU Weight: 2
Fetu FTU Residue: 0
Fetu HWord Word: [0, 1, 0, 0]
Fetu HWord FTU: 5
Fetu HWord Val: 3

Record number: 99
Latin word: UYW
Fetu Word: [20, 24, 22]
Fetu FTU: 4
Fetu Dbl: [14, 22, 18]
Fetu Tri: [2, 18, 10]
Fetu Qua: [4, 10, 20]
Fetu FTU Val: 67
Fetu FTU Weight: 23
Fetu FTU Residue: 3
Fetu HWord Word: [0, 1, 1, 1]
Fetu HWord FTU: 5
Fetu HWord Val: 1

Record number: 100
Latin word: SASAT
Fetu Word: [18, 0, 18, 0, 19]
Fetu FTU: 6
Fetu Dbl: [10, 0, 10, 0, 12]
Fetu Tri: [20, 0, 20, 0, 24]
Fetu Qua: [14, 0, 14, 0, 22]
Fetu FTU Val: 56
Fetu FTU Weight: 12
Fetu FTU Residue: 0
Fetu HWord Word: [0, 0, 0, 0]
Fetu HWord FTU: 5
Fetu HWord Val: 4

Record number: 101
Latin word: MN
Fetu Word: [12, 13]
Fetu FTU: 3
Fetu Dbl: [24, 0]
Fetu Tri: [22, 0]
Fetu Qua: [18, 0]
Fetu FTU Val: 26
Fetu FTU Weight: 14
Fetu FTU Residue: 2
Fetu HWord Word: [1, 1, 0, 0]
Fetu HWord FTU: 5
Fetu HWord Val: 2

Record number: 102
Latin word: SA
Fetu Word: [18, 0]
Fetu FTU: 3
Fetu Dbl: [10, 0]
Fetu Tri: [20, 0]
Fetu Qua: [14, 0]
Fetu FTU Val: 19
Fetu FTU Weight: 10
Fetu FTU Residue: 1
Fetu HWord Word: [1, 0, 0, 1]
Fetu HWord FTU: 5
Fetu HWord Val: 2

Record number: 103
Latin word: GO
Fetu Word: [6, 14]
Fetu FTU: 3
Fetu Dbl: [12, 2]
Fetu Tri: [24, 4]
Fetu Qua: [22, 8]
Fetu FTU Val: 21
Fetu FTU Weight: 11
Fetu FTU Residue: 2
Fetu HWord Word: [1, 0, 1, 0]
Fetu HWord FTU: 5
Fetu HWord Val: 2

Record number: 104
Latin word: UN
Fetu Word: [20, 13]
Fetu FTU: 3
Fetu Dbl: [14, 0]
Fetu Tri: [2, 0]
Fetu Qua: [4, 0]
Fetu FTU Val: 34
Fetu FTU Weight: 18
Fetu FTU Residue: 0
Fetu HWord Word: [1, 1, 0, 0]
Fetu HWord FTU: 5
Fetu HWord Val: 2

Record number: 105
Latin word: KA
Fetu Word: [10, 0]
Fetu FTU: 3
Fetu Dbl: [20, 0]
Fetu Tri: [14, 0]
Fetu Qua: [2, 0]
Fetu FTU Val: 11
Fetu FTU Weight: 6
Fetu FTU Residue: 0
Fetu HWord Word: [1, 0, 0, 0]
Fetu HWord FTU: 5
Fetu HWord Val: 3

Record number: 106
Latin word: UNAS
Fetu Word: [20, 13, 0, 18]
Fetu FTU: 5
Fetu Dbl: [14, 0, 0, 10]
Fetu Tri: [2, 0, 0, 20]
Fetu Qua: [4, 0, 0, 14]
Fetu FTU Val: 52
Fetu FTU Weight: 14
Fetu FTU Residue: 4
Fetu HWord Word: [1, 1, 0, 0]
Fetu HWord FTU: 5
Fetu HWord Val: 2

Record number: 107
Latin word: NI
Fetu Word: [13, 8]
Fetu FTU: 3
Fetu Dbl: [0, 16]
Fetu Tri: [0, 6]
Fetu Qua: [0, 12]
Fetu FTU Val: 22
Fetu FTU Weight: 12
Fetu FTU Residue: 0
Fetu HWord Word: [1, 1, 0, 0]
Fetu HWord FTU: 5
Fetu HWord Val: 2

Record number: 108
Latin word: EB
Fetu Word: [4, 1]
Fetu FTU: 3
Fetu Dbl: [8, 2]
Fetu Tri: [16, 4]
Fetu Qua: [6, 8]
Fetu FTU Val: 6
Fetu FTU Weight: 4
Fetu FTU Residue: 1
Fetu HWord Word: [1, 1, 0, 1]
Fetu HWord FTU: 5
Fetu HWord Val: 1

Record number: 109
Latin word: PU
Fetu Word: [15, 20]
Fetu FTU: 3
Fetu Dbl: [4, 14]
Fetu Tri: [8, 2]
Fetu Qua: [16, 4]
Fetu FTU Val: 36
Fetu FTU Weight: 19
Fetu FTU Residue: 1
Fetu HWord Word: [1, 1, 1, 1]
Fetu HWord FTU: 5
Fetu HWord Val: 0

Record number: 110
Latin word: DMI
Fetu Word: [3, 12, 8]
Fetu FTU: 4
Fetu Dbl: [6, 24, 16]
Fetu Tri: [12, 22, 6]
Fetu Qua: [24, 18, 12]
Fetu FTU Val: 24
Fetu FTU Weight: 9
Fetu FTU Residue: 1
Fetu HWord Word: [0, 0, 1, 1]
Fetu HWord FTU: 5
Fetu HWord Val: 2

Record number: 111
Latin word: MA
Fetu Word: [12, 0]
Fetu FTU: 3
Fetu Dbl: [24, 0]
Fetu Tri: [22, 0]
Fetu Qua: [18, 0]
Fetu FTU Val: 13
Fetu FTU Weight: 7
Fetu FTU Residue: 1
Fetu HWord Word: [1, 0, 1, 1]
Fetu HWord FTU: 5
Fetu HWord Val: 1

Record number: 112
Latin word: A
Fetu Word: [0]
Fetu FTU: 2
Fetu Dbl: [0]
Fetu Tri: [0]
Fetu Qua: [0]
Fetu FTU Val: 1
Fetu FTU Weight: 2
Fetu FTU Residue: 0
Fetu HWord Word: [0, 1, 0, 0]
Fetu HWord FTU: 5
Fetu HWord Val: 3

Record number: 113
Latin word: AN
Fetu Word: [0, 13]
Fetu FTU: 3
Fetu Dbl: [0, 0]
Fetu Tri: [0, 0]
Fetu Qua: [0, 0]
Fetu FTU Val: 14
Fetu FTU Weight: 8
Fetu FTU Residue: 2
Fetu HWord Word: [1, 1, 0, 0]
Fetu HWord FTU: 5
Fetu HWord Val: 2

Record number: 114
Latin word: NIFU
Fetu Word: [13, 8, 5, 20]
Fetu FTU: 5
Fetu Dbl: [0, 16, 10, 14]
Fetu Tri: [0, 6, 20, 2]
Fetu Qua: [0, 12, 14, 4]
Fetu FTU Val: 47
Fetu FTU Weight: 12
Fetu FTU Residue: 2
Fetu HWord Word: [1, 0, 0, 0]
Fetu HWord FTU: 5
Fetu HWord Val: 3

Record number: 115
Latin word: NETERU
Fetu Word: [13, 4, 19, 4, 17, 20]
Fetu FTU: 7
Fetu Dbl: [0, 8, 12, 8, 8, 14]
Fetu Tri: [0, 16, 24, 16, 16, 2]
Fetu Qua: [0, 6, 22, 6, 6, 4]
Fetu FTU Val: 78
Fetu FTU Weight: 14
Fetu FTU Residue: 0
Fetu HWord Word: [1, 1, 0, 0]
Fetu HWord FTU: 5
Fetu HWord Val: 2

Record number: 116
Latin word: MEHF
Fetu Word: [12, 4, 7, 5]
Fetu FTU: 5
Fetu Dbl: [24, 8, 14, 10]
Fetu Tri: [22, 16, 2, 20]
Fetu Qua: [18, 6, 4, 14]
Fetu FTU Val: 29
Fetu FTU Weight: 8
Fetu FTU Residue: 3
Fetu HWord Word: [1, 0, 0, 1]
Fetu HWord FTU: 5
Fetu HWord Val: 2

Record number: 117
Latin word: HER
Fetu Word: [7, 4, 17]
Fetu FTU: 4
Fetu Dbl: [14, 8, 8]
Fetu Tri: [2, 16, 16]
Fetu Qua: [4, 6, 6]
Fetu FTU Val: 29
Fetu FTU Weight: 10
Fetu FTU Residue: 2
Fetu HWord Word: [0, 1, 0, 0]
Fetu HWord FTU: 5
Fetu HWord Val: 3

Record number: 118
Latin word: UFU
Fetu Word: [20, 5, 20]
Fetu FTU: 4
Fetu Dbl: [14, 10, 14]
Fetu Tri: [2, 20, 2]
Fetu Qua: [4, 14, 4]
Fetu FTU Val: 46
Fetu FTU Weight: 16
Fetu FTU Residue: 0
Fetu HWord Word: [0, 0, 0, 0]
Fetu HWord FTU: 5
Fetu HWord Val: 4

Record number: 119
Latin word: NEB
Fetu Word: [13, 4, 1]
Fetu FTU: 4
Fetu Dbl: [0, 8, 2]
Fetu Tri: [0, 16, 4]
Fetu Qua: [0, 6, 8]
Fetu FTU Val: 19
Fetu FTU Weight: 7
Fetu FTU Residue: 3
Fetu HWord Word: [0, 1, 1, 1]
Fetu HWord FTU: 5
Fetu HWord Val: 1

Record number: 120
Latin word: UR
Fetu Word: [20, 17]
Fetu FTU: 3
Fetu Dbl: [14, 8]
Fetu Tri: [2, 16]
Fetu Qua: [4, 6]
Fetu FTU Val: 38
Fetu FTU Weight: 20
Fetu FTU Residue: 2
Fetu HWord Word: [1, 1, 0, 0]
Fetu HWord FTU: 5
Fetu HWord Val: 2

Record number: 121
Latin word: SA
Fetu Word: [18, 0]
Fetu FTU: 3
Fetu Dbl: [10, 0]
Fetu Tri: [20, 0]
Fetu Qua: [14, 0]
Fetu FTU Val: 19
Fetu FTU Weight: 10
Fetu FTU Residue: 1
Fetu HWord Word: [1, 0, 0, 1]
Fetu HWord FTU: 5
Fetu HWord Val: 2

Record number: 122
Latin word: ATI
Fetu Word: [0, 19, 8]
Fetu FTU: 4
Fetu Dbl: [0, 12, 16]
Fetu Tri: [0, 24, 6]
Fetu Qua: [0, 22, 12]
Fetu FTU Val: 28
Fetu FTU Weight: 10
Fetu FTU Residue: 2
Fetu HWord Word: [0, 0, 0, 0]
Fetu HWord FTU: 5
Fetu HWord Val: 4

Record number: 123
Latin word: USARA
Fetu Word: [20, 18, 0, 17, 0]
Fetu FTU: 6
Fetu Dbl: [14, 10, 0, 8, 0]
Fetu Tri: [2, 20, 0, 16, 0]
Fetu Qua: [4, 14, 0, 6, 0]
Fetu FTU Val: 56
Fetu FTU Weight: 12
Fetu FTU Residue: 0
Fetu HWord Word: [0, 0, 0, 0]
Fetu HWord FTU: 5
Fetu HWord Val: 4

Record number: 124
Latin word: EM
Fetu Word: [4, 12]
Fetu FTU: 3
Fetu Dbl: [8, 24]
Fetu Tri: [16, 22]
Fetu Qua: [6, 18]
Fetu FTU Val: 17
Fetu FTU Weight: 9
Fetu FTU Residue: 0
Fetu HWord Word: [1, 0, 1, 0]
Fetu HWord FTU: 5
Fetu HWord Val: 2

Record number: 125
Latin word: TAT
Fetu Word: [19, 0, 19]
Fetu FTU: 4
Fetu Dbl: [12, 0, 12]
Fetu Tri: [24, 0, 24]
Fetu Qua: [22, 0, 22]
Fetu FTU Val: 39
Fetu FTU Weight: 14
Fetu FTU Residue: 2
Fetu HWord Word: [0, 1, 0, 0]
Fetu HWord FTU: 5
Fetu HWord Val: 3

Record number: 126
Latin word: UA
Fetu Word: [20, 0]
Fetu FTU: 3
Fetu Dbl: [14, 0]
Fetu Tri: [2, 0]
Fetu Qua: [4, 0]
Fetu FTU Val: 21
Fetu FTU Weight: 11
Fetu FTU Residue: 2
Fetu HWord Word: [1, 0, 1, 0]
Fetu HWord FTU: 5
Fetu HWord Val: 2

Record number: 127
Latin word: MT
Fetu Word: [12, 19]
Fetu FTU: 3
Fetu Dbl: [24, 12]
Fetu Tri: [22, 24]
Fetu Qua: [18, 22]
Fetu FTU Val: 32
Fetu FTU Weight: 17
Fetu FTU Residue: 2
Fetu HWord Word: [1, 1, 1, 0]
Fetu HWord FTU: 5
Fetu HWord Val: 1

Record number: 128
Latin word: USET
Fetu Word: [20, 18, 4, 19]
Fetu FTU: 5
Fetu Dbl: [14, 10, 8, 12]
Fetu Tri: [2, 20, 16, 24]
Fetu Qua: [4, 14, 6, 22]
Fetu FTU Val: 62
Fetu FTU Weight: 16
Fetu FTU Residue: 1
Fetu HWord Word: [1, 1, 0, 1]
Fetu HWord FTU: 5
Fetu HWord Val: 1

Record number: 129
Latin word: SEN
Fetu Word: [18, 4, 13]
Fetu FTU: 4
Fetu Dbl: [10, 8, 0]
Fetu Tri: [20, 16, 0]
Fetu Qua: [14, 6, 0]
Fetu FTU Val: 36
Fetu FTU Weight: 13
Fetu FTU Residue: 1
Fetu HWord Word: [0, 0, 1, 1]
Fetu HWord FTU: 5
Fetu HWord Val: 2

Record number: 130
Latin word: SETAU
Fetu Word: [18, 4, 19, 0, 20]
Fetu FTU: 6
Fetu Dbl: [10, 8, 12, 0, 14]
Fetu Tri: [20, 16, 24, 0, 2]
Fetu Qua: [14, 6, 22, 0, 4]
Fetu FTU Val: 62
Fetu FTU Weight: 13
Fetu FTU Residue: 1
Fetu HWord Word: [0, 0, 1, 1]
Fetu HWord FTU: 5
Fetu HWord Val: 2

Record number: 131
Latin word: SRYN
Fetu Word: [18, 17, 24, 13]
Fetu FTU: 5
Fetu Dbl: [10, 8, 22, 0]
Fetu Tri: [20, 16, 18, 0]
Fetu Qua: [14, 6, 10, 0]
Fetu FTU Val: 73
Fetu FTU Weight: 19
Fetu FTU Residue: 4
Fetu HWord Word: [1, 0, 1, 0]
Fetu HWord FTU: 5
Fetu HWord Val: 2

Record number: 132
Latin word: SRYN
Fetu Word: [18, 17, 24, 13]
Fetu FTU: 5
Fetu Dbl: [10, 8, 22, 0]
Fetu Tri: [20, 16, 18, 0]
Fetu Qua: [14, 6, 10, 0]
Fetu FTU Val: 73
Fetu FTU Weight: 19
Fetu FTU Residue: 4
Fetu HWord Word: [1, 0, 1, 0]
Fetu HWord FTU: 5
Fetu HWord Val: 2

Record number: 133
Latin word: ETATEN
Fetu Word: [4, 19, 0, 19, 4, 13]
Fetu FTU: 7
Fetu Dbl: [8, 12, 0, 12, 8, 0]
Fetu Tri: [16, 24, 0, 24, 16, 0]
Fetu Qua: [6, 22, 0, 22, 6, 0]
Fetu FTU Val: 60
Fetu FTU Weight: 11
Fetu FTU Residue: 4
Fetu HWord Word: [1, 1, 1, 0]
Fetu HWord FTU: 5
Fetu HWord Val: 1

Record number: 134
Latin word: UR
Fetu Word: [20, 17]
Fetu FTU: 3
Fetu Dbl: [14, 8]
Fetu Tri: [2, 16]
Fetu Qua: [4, 6]
Fetu FTU Val: 38
Fetu FTU Weight: 20
Fetu FTU Residue: 2
Fetu HWord Word: [1, 1, 0, 0]
Fetu HWord FTU: 5
Fetu HWord Val: 2

Record number: 135
Latin word: A
Fetu Word: [0]
Fetu FTU: 2
Fetu Dbl: [0]
Fetu Tri: [0]
Fetu Qua: [0]
Fetu FTU Val: 1
Fetu FTU Weight: 2
Fetu FTU Residue: 0
Fetu HWord Word: [0, 1, 0, 0]
Fetu HWord FTU: 5
Fetu HWord Val: 3

Record number: 136
Latin word: UR
Fetu Word: [20, 17]
Fetu FTU: 3
Fetu Dbl: [14, 8]
Fetu Tri: [2, 16]
Fetu Qua: [4, 6]
Fetu FTU Val: 38
Fetu FTU Weight: 20
Fetu FTU Residue: 2
Fetu HWord Word: [1, 1, 0, 0]
Fetu HWord FTU: 5
Fetu HWord Val: 2

Record number: 137
Latin word: SEN
Fetu Word: [18, 4, 13]
Fetu FTU: 4
Fetu Dbl: [10, 8, 0]
Fetu Tri: [20, 16, 0]
Fetu Qua: [14, 6, 0]
Fetu FTU Val: 36
Fetu FTU Weight: 13
Fetu FTU Residue: 1
Fetu HWord Word: [0, 0, 1, 1]
Fetu HWord FTU: 5
Fetu HWord Val: 2

Record number: 138
Latin word: SEN
Fetu Word: [18, 4, 13]
Fetu FTU: 4
Fetu Dbl: [10, 8, 0]
Fetu Tri: [20, 16, 0]
Fetu Qua: [14, 6, 0]
Fetu FTU Val: 36
Fetu FTU Weight: 13
Fetu FTU Residue: 1
Fetu HWord Word: [0, 0, 1, 1]
Fetu HWord FTU: 5
Fetu HWord Val: 2

Record number: 139
Latin word: AM
Fetu Word: [0, 12]
Fetu FTU: 3
Fetu Dbl: [0, 24]
Fetu Tri: [0, 22]
Fetu Qua: [0, 18]
Fetu FTU Val: 13
Fetu FTU Weight: 7
Fetu FTU Residue: 1
Fetu HWord Word: [1, 0, 1, 1]
Fetu HWord FTU: 5
Fetu HWord Val: 1

Record number: 140
Latin word: MIT
Fetu Word: [12, 8, 19]
Fetu FTU: 4
Fetu Dbl: [24, 16, 12]
Fetu Tri: [22, 6, 24]
Fetu Qua: [18, 12, 22]
Fetu FTU Val: 40
Fetu FTU Weight: 14
Fetu FTU Residue: 2
Fetu HWord Word: [0, 0, 0, 0]
Fetu HWord FTU: 5
Fetu HWord Val: 4

Record number: 141
Latin word: HORS
Fetu Word: [7, 14, 17, 18]
Fetu FTU: 5
Fetu Dbl: [14, 2, 8, 10]
Fetu Tri: [2, 4, 16, 20]
Fetu Qua: [4, 8, 6, 14]
Fetu FTU Val: 57
Fetu FTU Weight: 15
Fetu FTU Residue: 0
Fetu HWord Word: [1, 0, 1, 0]
Fetu HWord FTU: 5
Fetu HWord Val: 2

Record number: 142
Latin word: A
Fetu Word: [0]
Fetu FTU: 2
Fetu Dbl: [0]
Fetu Tri: [0]
Fetu Qua: [0]
Fetu FTU Val: 1
Fetu FTU Weight: 2
Fetu FTU Residue: 0
Fetu HWord Word: [0, 1, 0, 0]
Fetu HWord FTU: 5
Fetu HWord Val: 3

Record number: 143
Latin word: AAT
Fetu Word: [0, 0, 19]
Fetu FTU: 4
Fetu Dbl: [0, 0, 12]
Fetu Tri: [0, 0, 24]
Fetu Qua: [0, 0, 22]
Fetu FTU Val: 20
Fetu FTU Weight: 7
Fetu FTU Residue: 3
Fetu HWord Word: [0, 0, 1, 1]
Fetu HWord FTU: 5
Fetu HWord Val: 2

Record number: 144
Latin word: ANU
Fetu Word: [0, 13, 20]
Fetu FTU: 4
Fetu Dbl: [0, 0, 14]
Fetu Tri: [0, 0, 2]
Fetu Qua: [0, 0, 4]
Fetu FTU Val: 34
Fetu FTU Weight: 12
Fetu FTU Residue: 0
Fetu HWord Word: [0, 0, 0, 0]
Fetu HWord FTU: 5
Fetu HWord Val: 4

Record number: 145
Latin word: TAT
Fetu Word: [19, 0, 19]
Fetu FTU: 4
Fetu Dbl: [12, 0, 12]
Fetu Tri: [24, 0, 24]
Fetu Qua: [22, 0, 22]
Fetu FTU Val: 39
Fetu FTU Weight: 14
Fetu FTU Residue: 2
Fetu HWord Word: [0, 1, 0, 0]
Fetu HWord FTU: 5
Fetu HWord Val: 3

Record number: 146
Latin word: WE
Fetu Word: [22, 4]
Fetu FTU: 3
Fetu Dbl: [18, 8]
Fetu Tri: [10, 16]
Fetu Qua: [20, 6]
Fetu FTU Val: 27
Fetu FTU Weight: 14
Fetu FTU Residue: 2
Fetu HWord Word: [1, 0, 0, 0]
Fetu HWord FTU: 5
Fetu HWord Val: 3

Record number: 147
Latin word: BO
Fetu Word: [1, 14]
Fetu FTU: 3
Fetu Dbl: [2, 2]
Fetu Tri: [4, 4]
Fetu Qua: [8, 8]
Fetu FTU Val: 16
Fetu FTU Weight: 9
Fetu FTU Residue: 0
Fetu HWord Word: [1, 1, 1, 0]
Fetu HWord FTU: 5
Fetu HWord Val: 1

Record number: 148
Latin word: ENU
Fetu Word: [4, 13, 20]
Fetu FTU: 4
Fetu Dbl: [8, 0, 14]
Fetu Tri: [16, 0, 2]
Fetu Qua: [6, 0, 4]
Fetu FTU Val: 38
Fetu FTU Weight: 13
Fetu FTU Residue: 1
Fetu HWord Word: [0, 0, 1, 1]
Fetu HWord FTU: 5
Fetu HWord Val: 2

Record number: 149
Latin word: OSE
Fetu Word: [14, 18, 4]
Fetu FTU: 4
Fetu Dbl: [2, 10, 8]
Fetu Tri: [4, 20, 16]
Fetu Qua: [8, 14, 6]
Fetu FTU Val: 37
Fetu FTU Weight: 13
Fetu FTU Residue: 1
Fetu HWord Word: [0, 1, 1, 1]
Fetu HWord FTU: 5
Fetu HWord Val: 1

Record number: 150
Latin word: ENNU
Fetu Word: [4, 13, 13, 20]
Fetu FTU: 5
Fetu Dbl: [8, 0, 0, 14]
Fetu Tri: [16, 0, 0, 2]
Fetu Qua: [6, 0, 0, 4]
Fetu FTU Val: 51
Fetu FTU Weight: 13
Fetu FTU Residue: 3
Fetu HWord Word: [1, 0, 1, 1]
Fetu HWord FTU: 5
Fetu HWord Val: 1

Record number: 151
Latin word: ABTI
Fetu Word: [0, 1, 19, 8]
Fetu FTU: 5
Fetu Dbl: [0, 2, 12, 16]
Fetu Tri: [0, 4, 24, 6]
Fetu Qua: [0, 8, 22, 12]
Fetu FTU Val: 29
Fetu FTU Weight: 8
Fetu FTU Residue: 3
Fetu HWord Word: [1, 0, 0, 1]
Fetu HWord FTU: 5
Fetu HWord Val: 2

Record number: 152
Latin word: UFU
Fetu Word: [20, 5, 20]
Fetu FTU: 4
Fetu Dbl: [14, 10, 14]
Fetu Tri: [2, 20, 2]
Fetu Qua: [4, 14, 4]
Fetu FTU Val: 46
Fetu FTU Weight: 16
Fetu FTU Residue: 0
Fetu HWord Word: [0, 0, 0, 0]
Fetu HWord FTU: 5
Fetu HWord Val: 4

Record number: 153
Latin word: EMES
Fetu Word: [4, 12, 4, 18]
Fetu FTU: 5
Fetu Dbl: [8, 24, 8, 10]
Fetu Tri: [16, 22, 16, 20]
Fetu Qua: [6, 18, 6, 14]
Fetu FTU Val: 39
Fetu FTU Weight: 10
Fetu FTU Residue: 0
Fetu HWord Word: [1, 0, 0, 0]
Fetu HWord FTU: 5
Fetu HWord Val: 3

Record number: 154
Latin word: A
Fetu Word: [0]
Fetu FTU: 2
Fetu Dbl: [0]
Fetu Tri: [0]
Fetu Qua: [0]
Fetu FTU Val: 1
Fetu FTU Weight: 2
Fetu FTU Residue: 0
Fetu HWord Word: [0, 1, 0, 0]
Fetu HWord FTU: 5
Fetu HWord Val: 3

Record number: 155
Latin word: AT
Fetu Word: [0, 19]
Fetu FTU: 3
Fetu Dbl: [0, 12]
Fetu Tri: [0, 24]
Fetu Qua: [0, 22]
Fetu FTU Val: 20
Fetu FTU Weight: 11
Fetu FTU Residue: 2
Fetu HWord Word: [1, 1, 1, 0]
Fetu HWord FTU: 5
Fetu HWord Val: 1

Record number: 156
Latin word: AJ
Fetu Word: [0, 9]
Fetu FTU: 3
Fetu Dbl: [0, 18]
Fetu Tri: [0, 10]
Fetu Qua: [0, 20]
Fetu FTU Val: 10
Fetu FTU Weight: 6
Fetu FTU Residue: 0
Fetu HWord Word: [1, 1, 0, 0]
Fetu HWord FTU: 5
Fetu HWord Val: 2

Record number: 157
Latin word: TAT
Fetu Word: [19, 0, 19]
Fetu FTU: 4
Fetu Dbl: [12, 0, 12]
Fetu Tri: [24, 0, 24]
Fetu Qua: [22, 0, 22]
Fetu FTU Val: 39
Fetu FTU Weight: 14
Fetu FTU Residue: 2
Fetu HWord Word: [0, 1, 0, 0]
Fetu HWord FTU: 5
Fetu HWord Val: 3

Record number: 158
Latin word: W
Fetu Word: [22]
Fetu FTU: 2
Fetu Dbl: [18]
Fetu Tri: [10]
Fetu Qua: [20]
Fetu FTU Val: 23
Fetu FTU Weight: 24
Fetu FTU Residue: 0
Fetu HWord Word: [0, 1, 0, 0]
Fetu HWord FTU: 5
Fetu HWord Val: 3

Record number: 159
Latin word: WEJ
Fetu Word: [22, 4, 9]
Fetu FTU: 4
Fetu Dbl: [18, 8, 18]
Fetu Tri: [10, 16, 10]
Fetu Qua: [20, 6, 20]
Fetu FTU Val: 36
Fetu FTU Weight: 13
Fetu FTU Residue: 1
Fetu HWord Word: [0, 0, 1, 1]
Fetu HWord FTU: 5
Fetu HWord Val: 2

Record number: 160
Latin word: U
Fetu Word: [20]
Fetu FTU: 2
Fetu Dbl: [14]
Fetu Tri: [2]
Fetu Qua: [4]
Fetu FTU Val: 21
Fetu FTU Weight: 22
Fetu FTU Residue: 0
Fetu HWord Word: [0, 1, 0, 0]
Fetu HWord FTU: 5
Fetu HWord Val: 3

Record number: 161
Latin word: EGYPTU
Fetu Word: [4, 6, 24, 15, 19, 20]
Fetu FTU: 7
Fetu Dbl: [8, 12, 22, 4, 12, 14]
Fetu Tri: [16, 24, 18, 8, 24, 2]
Fetu Qua: [6, 22, 10, 16, 22, 4]
Fetu FTU Val: 89
Fetu FTU Weight: 15
Fetu FTU Residue: 1
Fetu HWord Word: [1, 0, 1, 1]
Fetu HWord FTU: 5
Fetu HWord Val: 1

Record number: 162
Latin word: URAES
Fetu Word: [20, 17, 0, 4, 18]
Fetu FTU: 6
Fetu Dbl: [14, 8, 0, 8, 10]
Fetu Tri: [2, 16, 0, 16, 20]
Fetu Qua: [4, 6, 0, 6, 14]
Fetu FTU Val: 60
Fetu FTU Weight: 13
Fetu FTU Residue: 1
Fetu HWord Word: [0, 0, 1, 1]
Fetu HWord FTU: 5
Fetu HWord Val: 2

Record number: 163
Latin word: UVAJDA
Fetu Word: [20, 21, 0, 9, 3, 0]
Fetu FTU: 7
Fetu Dbl: [14, 16, 0, 18, 6, 0]
Fetu Tri: [2, 6, 0, 10, 12, 0]
Fetu Qua: [4, 12, 0, 20, 24, 0]
Fetu FTU Val: 54
Fetu FTU Weight: 10
Fetu FTU Residue: 3
Fetu HWord Word: [1, 1, 0, 1]
Fetu HWord FTU: 5
Fetu HWord Val: 1

Record number: 164
Latin word: SA
Fetu Word: [18, 0]
Fetu FTU: 3
Fetu Dbl: [10, 0]
Fetu Tri: [20, 0]
Fetu Qua: [14, 0]
Fetu FTU Val: 19
Fetu FTU Weight: 10
Fetu FTU Residue: 1
Fetu HWord Word: [1, 0, 0, 1]
Fetu HWord FTU: 5
Fetu HWord Val: 2

Record number: 165
Latin word: U
Fetu Word: [20]
Fetu FTU: 2
Fetu Dbl: [14]
Fetu Tri: [2]
Fetu Qua: [4]
Fetu FTU Val: 21
Fetu FTU Weight: 22
Fetu FTU Residue: 0
Fetu HWord Word: [0, 1, 0, 0]
Fetu HWord FTU: 5
Fetu HWord Val: 3

Record number: 166
Latin word: NA
Fetu Word: [13, 0]
Fetu FTU: 3
Fetu Dbl: [0, 0]
Fetu Tri: [0, 0]
Fetu Qua: [0, 0]
Fetu FTU Val: 14
Fetu FTU Weight: 8
Fetu FTU Residue: 2
Fetu HWord Word: [1, 1, 0, 0]
Fetu HWord FTU: 5
Fetu HWord Val: 2

Record number: 167
Latin word: NETERA
Fetu Word: [13, 4, 19, 4, 17, 0]
Fetu FTU: 7
Fetu Dbl: [0, 8, 12, 8, 8, 0]
Fetu Tri: [0, 16, 24, 16, 16, 0]
Fetu Qua: [0, 6, 22, 6, 6, 0]
Fetu FTU Val: 58
Fetu FTU Weight: 10
Fetu FTU Residue: 3
Fetu HWord Word: [1, 1, 0, 1]
Fetu HWord FTU: 5
Fetu HWord Val: 1

Record number: 168
Latin word: AUA
Fetu Word: [0, 20, 0]
Fetu FTU: 4
Fetu Dbl: [0, 14, 0]
Fetu Tri: [0, 2, 0]
Fetu Qua: [0, 4, 0]
Fetu FTU Val: 21
Fetu FTU Weight: 8
Fetu FTU Residue: 0
Fetu HWord Word: [0, 1, 0, 0]
Fetu HWord FTU: 5
Fetu HWord Val: 3

Record number: 169
Latin word: QEA
Fetu Word: [16, 4, 0]
Fetu FTU: 4
Fetu Dbl: [6, 8, 0]
Fetu Tri: [12, 16, 0]
Fetu Qua: [24, 6, 0]
Fetu FTU Val: 21
Fetu FTU Weight: 8
Fetu FTU Residue: 0
Fetu HWord Word: [0, 1, 0, 0]
Fetu HWord FTU: 5
Fetu HWord Val: 3

Record number: 170
Latin word: EGYPTU
Fetu Word: [4, 6, 24, 15, 19, 20]
Fetu FTU: 7
Fetu Dbl: [8, 12, 22, 4, 12, 14]
Fetu Tri: [16, 24, 18, 8, 24, 2]
Fetu Qua: [6, 22, 10, 16, 22, 4]
Fetu FTU Val: 89
Fetu FTU Weight: 15
Fetu FTU Residue: 1
Fetu HWord Word: [1, 0, 1, 1]
Fetu HWord FTU: 5
Fetu HWord Val: 1

Record number: 171
Latin word: ALFA
Fetu Word: [0, 11, 5, 0]
Fetu FTU: 5
Fetu Dbl: [0, 22, 10, 0]
Fetu Tri: [0, 18, 20, 0]
Fetu Qua: [0, 10, 14, 0]
Fetu FTU Val: 17
Fetu FTU Weight: 5
Fetu FTU Residue: 0
Fetu HWord Word: [1, 0, 1, 0]
Fetu HWord FTU: 5
Fetu HWord Val: 2

Record number: 172
Latin word: UVAJDA
Fetu Word: [20, 21, 0, 9, 3, 0]
Fetu FTU: 7
Fetu Dbl: [14, 16, 0, 18, 6, 0]
Fetu Tri: [2, 6, 0, 10, 12, 0]
Fetu Qua: [4, 12, 0, 20, 24, 0]
Fetu FTU Val: 54
Fetu FTU Weight: 10
Fetu FTU Residue: 3
Fetu HWord Word: [1, 1, 0, 1]
Fetu HWord FTU: 5
Fetu HWord Val: 1

Record number: 173
Latin word: ERU
Fetu Word: [4, 17, 20]
Fetu FTU: 4
Fetu Dbl: [8, 8, 14]
Fetu Tri: [16, 16, 2]
Fetu Qua: [6, 6, 4]
Fetu FTU Val: 42
Fetu FTU Weight: 15
Fetu FTU Residue: 3
Fetu HWord Word: [0, 0, 1, 1]
Fetu HWord FTU: 5
Fetu HWord Val: 2

Record number: 174
Latin word: ES
Fetu Word: [4, 18]
Fetu FTU: 3
Fetu Dbl: [8, 10]
Fetu Tri: [16, 20]
Fetu Qua: [6, 14]
Fetu FTU Val: 23
Fetu FTU Weight: 12
Fetu FTU Residue: 0
Fetu HWord Word: [1, 0, 0, 0]
Fetu HWord FTU: 5
Fetu HWord Val: 3

Record number: 175
Latin word: EM
Fetu Word: [4, 12]
Fetu FTU: 3
Fetu Dbl: [8, 24]
Fetu Tri: [16, 22]
Fetu Qua: [6, 18]
Fetu FTU Val: 17
Fetu FTU Weight: 9
Fetu FTU Residue: 0
Fetu HWord Word: [1, 0, 1, 0]
Fetu HWord FTU: 5
Fetu HWord Val: 2

Record number: 176
Latin word: ET
Fetu Word: [4, 19]
Fetu FTU: 3
Fetu Dbl: [8, 12]
Fetu Tri: [16, 24]
Fetu Qua: [6, 22]
Fetu FTU Val: 24
Fetu FTU Weight: 13
Fetu FTU Residue: 1
Fetu HWord Word: [1, 1, 1, 1]
Fetu HWord FTU: 5
Fetu HWord Val: 0

Record number: 177
Latin word: A
Fetu Word: [0]
Fetu FTU: 2
Fetu Dbl: [0]
Fetu Tri: [0]
Fetu Qua: [0]
Fetu FTU Val: 1
Fetu FTU Weight: 2
Fetu FTU Residue: 0
Fetu HWord Word: [0, 1, 0, 0]
Fetu HWord FTU: 5
Fetu HWord Val: 3

Record number: 178
Latin word: UVAJDA
Fetu Word: [20, 21, 0, 9, 3, 0]
Fetu FTU: 7
Fetu Dbl: [14, 16, 0, 18, 6, 0]
Fetu Tri: [2, 6, 0, 10, 12, 0]
Fetu Qua: [4, 12, 0, 20, 24, 0]
Fetu FTU Val: 54
Fetu FTU Weight: 10
Fetu FTU Residue: 3
Fetu HWord Word: [1, 1, 0, 1]
Fetu HWord FTU: 5
Fetu HWord Val: 1

Record number: 179
Latin word: A
Fetu Word: [0]
Fetu FTU: 2
Fetu Dbl: [0]
Fetu Tri: [0]
Fetu Qua: [0]
Fetu FTU Val: 1
Fetu FTU Weight: 2
Fetu FTU Residue: 0
Fetu HWord Word: [0, 1, 0, 0]
Fetu HWord FTU: 5
Fetu HWord Val: 3

Record number: 180
Latin word: DM
Fetu Word: [3, 12]
Fetu FTU: 3
Fetu Dbl: [6, 24]
Fetu Tri: [12, 22]
Fetu Qua: [24, 18]
Fetu FTU Val: 16
Fetu FTU Weight: 9
Fetu FTU Residue: 0
Fetu HWord Word: [1, 1, 1, 0]
Fetu HWord FTU: 5
Fetu HWord Val: 1

Record number: 181
Latin word: TAT
Fetu Word: [19, 0, 19]
Fetu FTU: 4
Fetu Dbl: [12, 0, 12]
Fetu Tri: [24, 0, 24]
Fetu Qua: [22, 0, 22]
Fetu FTU Val: 39
Fetu FTU Weight: 14
Fetu FTU Residue: 2
Fetu HWord Word: [0, 1, 0, 0]
Fetu HWord FTU: 5
Fetu HWord Val: 3

Record number: 182
Latin word: DAUT
Fetu Word: [3, 0, 20, 19]
Fetu FTU: 5
Fetu Dbl: [6, 0, 14, 12]
Fetu Tri: [12, 0, 2, 24]
Fetu Qua: [24, 0, 4, 22]
Fetu FTU Val: 43
Fetu FTU Weight: 11
Fetu FTU Residue: 1
Fetu HWord Word: [1, 0, 1, 1]
Fetu HWord FTU: 5
Fetu HWord Val: 1

Record number: 183
Latin word: ENTI
Fetu Word: [4, 13, 19, 8]
Fetu FTU: 5
Fetu Dbl: [8, 0, 12, 16]
Fetu Tri: [16, 0, 24, 6]
Fetu Qua: [6, 0, 22, 12]
Fetu FTU Val: 45
Fetu FTU Weight: 12
Fetu FTU Residue: 2
Fetu HWord Word: [1, 0, 0, 0]
Fetu HWord FTU: 5
Fetu HWord Val: 3

Record number: 184
Latin word: NETI
Fetu Word: [13, 4, 19, 8]
Fetu FTU: 5
Fetu Dbl: [0, 8, 12, 16]
Fetu Tri: [0, 16, 24, 6]
Fetu Qua: [0, 6, 22, 12]
Fetu FTU Val: 45
Fetu FTU Weight: 12
Fetu FTU Residue: 2
Fetu HWord Word: [1, 0, 0, 0]
Fetu HWord FTU: 5
Fetu HWord Val: 3

Record number: 185
Latin word: UVAJA
Fetu Word: [20, 21, 0, 9, 0]
Fetu FTU: 6
Fetu Dbl: [14, 16, 0, 18, 0]
Fetu Tri: [2, 6, 0, 10, 0]
Fetu Qua: [4, 12, 0, 20, 0]
Fetu FTU Val: 51
Fetu FTU Weight: 11
Fetu FTU Residue: 5
Fetu HWord Word: [0, 1, 1, 1]
Fetu HWord FTU: 5
Fetu HWord Val: 1

Record number: 186
Latin word: NATURA
Fetu Word: [13, 0, 19, 20, 17, 0]
Fetu FTU: 7
Fetu Dbl: [0, 0, 12, 14, 8, 0]
Fetu Tri: [0, 0, 24, 2, 16, 0]
Fetu Qua: [0, 0, 22, 4, 6, 0]
Fetu FTU Val: 70
Fetu FTU Weight: 12
Fetu FTU Residue: 5
Fetu HWord Word: [1, 1, 0, 1]
Fetu HWord FTU: 5
Fetu HWord Val: 1

Record number: 187
Latin word: NATURU
Fetu Word: [13, 0, 19, 20, 17, 20]
Fetu FTU: 7
Fetu Dbl: [0, 0, 12, 14, 8, 14]
Fetu Tri: [0, 0, 24, 2, 16, 2]
Fetu Qua: [0, 0, 22, 4, 6, 4]
Fetu FTU Val: 90
Fetu FTU Weight: 16
Fetu FTU Residue: 2
Fetu HWord Word: [1, 1, 0, 0]
Fetu HWord FTU: 5
Fetu HWord Val: 2

Record number: 188
Latin word: U
Fetu Word: [20]
Fetu FTU: 2
Fetu Dbl: [14]
Fetu Tri: [2]
Fetu Qua: [4]
Fetu FTU Val: 21
Fetu FTU Weight: 22
Fetu FTU Residue: 0
Fetu HWord Word: [0, 1, 0, 0]
Fetu HWord FTU: 5
Fetu HWord Val: 3

Record number: 189
Latin word: UVAJA
Fetu Word: [20, 21, 0, 9, 0]
Fetu FTU: 6
Fetu Dbl: [14, 16, 0, 18, 0]
Fetu Tri: [2, 6, 0, 10, 0]
Fetu Qua: [4, 12, 0, 20, 0]
Fetu FTU Val: 51
Fetu FTU Weight: 11
Fetu FTU Residue: 5
Fetu HWord Word: [0, 1, 1, 1]
Fetu HWord FTU: 5
Fetu HWord Val: 1

Record number: 190
Latin word: A
Fetu Word: [0]
Fetu FTU: 2
Fetu Dbl: [0]
Fetu Tri: [0]
Fetu Qua: [0]
Fetu FTU Val: 1
Fetu FTU Weight: 2
Fetu FTU Residue: 0
Fetu HWord Word: [0, 1, 0, 0]
Fetu HWord FTU: 5
Fetu HWord Val: 3

Record number: 191
Latin word: HEBEW
Fetu Word: [7, 4, 1, 4, 22]
Fetu FTU: 6
Fetu Dbl: [14, 8, 2, 8, 18]
Fetu Tri: [2, 16, 4, 16, 10]
Fetu Qua: [4, 6, 8, 6, 20]
Fetu FTU Val: 39
Fetu FTU Weight: 8
Fetu FTU Residue: 2
Fetu HWord Word: [0, 1, 0, 0]
Fetu HWord FTU: 5
Fetu HWord Val: 3

